UpdateCTestConfiguration  from :/home/code/Paddle/build/DartConfiguration.tcl
UpdateCTestConfiguration  from :/home/code/Paddle/build/DartConfiguration.tcl
Test project /home/code/Paddle/build
Constructing a list of tests
Done constructing a list of tests
Updating test list for fixtures
Added 0 tests to meet fixture requirements
Checking test dependency graph...
Checking test dependency graph end
test 1881
    Start 1881: test_multiclass_nms_op

1881: Test command: /home/cmake-3.18.0-Linux-x86_64/bin/cmake "-E" "env" "PYTHONPATH=/home/code/Paddle/build/python" "/usr/bin/python" "/home/code/Paddle/tools/test_runner.py" "test_multiclass_nms_op"
1881: Test timeout computed to be: 120
1881: grep: warning: GREP_OPTIONS is deprecated; please use an alias or script
1881: WARNING: Logging before InitGoogleLogging() is written to STDERR
1881: I0812 09:27:05.780386  8173 dynamic_loader.cc:176] Set paddle lib path : /usr/local/lib/python3.9/dist-packages/paddle/libs
1881: I0812 09:27:07.109942  8173 init.cc:100] Before Parse: argc is 2, Init commandline: dummy --tryfromenv=cusolver_dir,accuracy_check_atol_fp32,use_xqa_optim,paddle_num_threads,executor_log_deps_every_microseconds,enable_api_kernel_fallback,lapack_dir,prim_forward_blacklist,embedding_deterministic,gpugraph_dedup_pull_push_mode,npu_storage_format,use_mkldnn,pinned_memory_as_cpu_backend,graph_load_in_parallel,enable_dump_main_program,check_nan_inf,use_cuda_malloc_async_allocator,fast_eager_deletion_mode,enable_neighbor_list_use_uva,accuracy_check_atol_fp16,gpugraph_merge_grads_segment_size,prim_enable_dynamic,use_virtual_memory_auto_growth,enable_unused_var_check,prim_skip_dynamic,static_executor_perfstat_filepath,add_dependency_for_communication_op,enable_fuse_parallel_matmul_pass,ir_inplace_kernel_blacklist,enable_record_memory,fraction_of_cuda_pinned_memory_to_use,convert_all_blocks,free_when_no_cache_hit,allreduce_record_one_event,use_stride_kernel,set_to_1d,gpugraph_slot_feasign_max_num,print_ir,accuracy_check_rtol_bf16,pir_broadcast_tree_limit,trt_ibuilder_cache,pir_subgraph_saving_dir,accuracy_check_rtol_fp16,log_memory_stats,gpugraph_load_node_list_into_hbm,prim_enabled,enable_gpu_memory_usage_log_mb,pir_apply_inplace_pass,dump_chunk_info,mklml_dir,use_shm_cache,enable_pir_with_pt_in_dy2st,enable_adjust_op_order,memory_fraction_of_eager_deletion,allocator_strategy,op_dir,nccl_dir,check_nan_inf_level,sync_after_alloc,cudnn_batchnorm_spatial_persistent,fraction_of_cpu_memory_to_use,enable_interpretercore_launch_cinn,local_exe_sub_scope_limit,jit_engine_type,logging_pir_py_code_int_tensor_element_limit,enable_cse_in_dy2st,enable_cinn_auto_tune,tracer_onednn_ops_on,enable_pir_in_executor_trace_run,fuse_parameter_groups_size,enable_sparse_inner_gather,prim_check_ops,cusparse_dir,prim_forward,use_stream_safe_cuda_allocator,use_system_allocator,enable_dependency_builder_debug_info,save_static_runtime_data,cuda_malloc_async_pool_memory_throttle_ratio,selected_gpus,graph_get_neighbor_id,accuracy_check_atol_bf16,use_pinned_memory,call_stack_level,logging_trunc_pir_py_code,conv2d_disable_cudnn,print_sub_graph_dir,enable_pir_in_executor,gpugraph_enable_hbm_table_collision_stat,eager_delete_tensor_gb,allow_cinn_ops,win_cuda_bin_dir,pir_debug,gpugraph_storage_mode,manually_trans_conv_filter,cuda_dir,sync_nccl_allreduce,tensorrt_dir,custom_device_mem_record,run_kp_kernel,enable_cinn_compile_cache,gpugraph_offload_gather_copy_maxsize,host_trace_level,fraction_of_gpu_memory_to_use,use_fast_math,new_executor_sequential_run,prim_backward,gpugraph_offload_param_extends,gpugraph_parallel_copyer_split_maxsize,initial_gpu_memory_in_mb,sort_sum_gradient,fleet_executor_with_standalone,reader_queue_speed_test_mode,gemm_use_half_precision_compute_type,cudnn_dir,cuda_memory_async_pool_realease_threshold,gpugraph_parallel_stream_num,enable_graph_multi_node_sampling,max_inplace_grad_add,alloc_fill_value,benchmark,enable_collect_shape,enable_gpu_memory_usage_log,low_precision_op_list,conv_workspace_size_limit,all_blocks_convert_trt,enable_blaslt_global_search,eager_delete_scope,curand_dir,use_cinn,auto_free_cudagraph_allocations_on_launch,cinn_compile_thread_num,graph_metapath_split_opt,cudnn_deterministic,initial_cpu_memory_in_mb,benchmark_nccl,enable_async_trace,check_infer_symbolic,free_idle_chunk,enable_all2all_use_fp16,auto_growth_chunk_size_in_mb,gpugraph_sparse_table_storage_mode,reallocate_gpu_memory_in_mb,inner_op_parallelism,cublaslt_exhaustive_search_times,cudnn_exhaustive_search_times,query_dest_rank_by_multi_node,tracer_onednn_ops_off,graph_embedding_split_infer_mode,new_executor_use_local_scope,apply_pass_to_program,get_host_by_name_time,gpugraph_enable_segment_merge_grads,enable_fusion_fallback,logging_pir_py_code_dump_symbolic_dims,static_runtime_data_save_path,dynamic_static_unified_comm,prim_all,use_auto_growth_v2,einsum_opt,enable_opt_get_features,use_auto_growth_pinned_allocator,new_executor_use_cuda_graph,tensor_operants_mode,accuracy_check_rtol_fp32,gpugraph_enable_gpu_direct_access,new_executor_static_build,nvidia_package_dir,dataloader_use_file_descriptor,enable_auto_detect_gpu_topo,tracer_profile_fname,enable_tracker_all2all,pir_apply_shape_optimization_pass,use_cuda_managed_memory,enable_auto_rdma_trans,cudnn_exhaustive_search,multi_node_sample_use_gpu_table,logging_pir_py_code_dir,gpugraph_force_device_batch_num_equal,gpugraph_debug_gpu_memory,disable_dyshape_in_train,new_executor_serial_run,enable_cublas_tensor_op_math,cupti_dir,enable_exit_when_partial_worker,dygraph_debug,use_autotune,enable_pir_api,search_cache_max_number,deny_cinn_ops,graph_neighbor_size_percent,gpugraph_enable_print_op_debug,cinn_subgraph_graphviz_dir,mkl_dir,fuse_parameter_memory_size,enable_cinn_accuracy_check,gpugraph_offload_param_stat,print_allocator_trace_info,init_allocated_mem,new_executor_use_inplace,cusparselt_dir,gpu_allocator_retry_time,cache_inference_while_scope,dist_threadpool_size,multiple_of_cupti_buffer_size,nccl_blocking_wait,gpu_memory_limit_mb,gpugraph_hbm_table_load_factor,cublas_dir,cse_max_count,cublaslt_device_best_config,async_trace_count,check_kernel_launch 
1881: I0812 09:27:07.110059  8173 init.cc:108] After Parse: argc is 2
1881: I0812 09:27:15.747202  8173 op_desc.cc:1111] CompileTime infer shape on multiclass_nms3
1881: I0812 09:27:15.747262  8173 infershape_utils.cc:546] BuildInferMetaContext: op kernel signature - Kernel Signature - name: multiclass_nms3; inputs: BBoxes, Scores, RoisNum; attributes: score_threshold, nms_top_k, keep_top_k, nms_threshold, normalized, nms_eta, background_label; outputs: Out, Index, NmsRoisNum
1881: I0812 09:27:15.747421  8173 op_desc.cc:1111] CompileTime infer shape on multiclass_nms3
1881: I0812 09:27:15.747432  8173 infershape_utils.cc:546] BuildInferMetaContext: op kernel signature - Kernel Signature - name: multiclass_nms3; inputs: BBoxes, Scores, RoisNum; attributes: score_threshold, nms_top_k, keep_top_k, nms_threshold, normalized, nms_eta, background_label; outputs: Out, Index, NmsRoisNum
1881: I0812 09:27:15.748075  8173 allocator_facade.cc:212] selected allocator strategy:1
1881: I0812 09:27:15.748446  8173 dynamic_loader.cc:226] Try to find library: libcuda.so from default system path.
1881: I0812 09:27:15.753033  8173 op_desc.cc:1111] CompileTime infer shape on fetch_v2
1881: I0812 09:27:15.753536  8173 op_desc.cc:1111] CompileTime infer shape on fetch_v2
1881: I0812 09:27:15.754009  8173 op_desc.cc:1111] CompileTime infer shape on fetch_v2
1881: I0812 09:27:15.754824  8173 conditional_block_op_helper.cc:105] Found conditional_block op num: 0, conditional_block_grad op num: 0
1881: I0812 09:27:15.754844  8173 pylayer_op_helper.cc:103] Found pylayer op num: 0, pylayer_grad op num: 0
1881: I0812 09:27:15.754856  8173 while_op_helper.cc:154] Found while op num: 0, while grad op num: 0
1881: I0812 09:27:15.758004  8173 feed_fetch_method.cc:53] SetFeedVariable name=feed index=1
1881: I0812 09:27:15.758029  8173 scope.cc:202] Create variable feed
1881: I0812 09:27:15.758087  8173 feed_fetch_method.cc:53] SetFeedVariable name=feed index=0
1881: I0812 09:27:15.758164  8173 program_interpreter.cc:243] New Executor is Running.
1881: I0812 09:27:15.758174  8173 interpreter_util.cc:1169] Creating Variables
1881: I0812 09:27:15.758180  8173 scope.cc:202] Create variable BBoxes
1881: I0812 09:27:15.758190  8173 interpreter_util.cc:1206] Create Variable BBoxes locally, which pointer is 0x1951c300 type is 7
1881: I0812 09:27:15.758200  8173 scope.cc:202] Create variable Index
1881: I0812 09:27:15.758205  8173 interpreter_util.cc:1206] Create Variable Index locally, which pointer is 0x19203ff0 type is 7
1881: I0812 09:27:15.758210  8173 scope.cc:202] Create variable NmsRoisNum
1881: I0812 09:27:15.758213  8173 interpreter_util.cc:1206] Create Variable NmsRoisNum locally, which pointer is 0x1796d860 type is 7
1881: I0812 09:27:15.758216  8173 scope.cc:202] Create variable Out
1881: I0812 09:27:15.758219  8173 interpreter_util.cc:1206] Create Variable Out locally, which pointer is 0x179c6690 type is 7
1881: I0812 09:27:15.758225  8173 scope.cc:202] Create variable Scores
1881: I0812 09:27:15.758229  8173 interpreter_util.cc:1206] Create Variable Scores locally, which pointer is 0x10ba7e0 type is 7
1881: I0812 09:27:15.758232  8173 interpreter_util.cc:1201] Create Variable feed global, which pointer is 0x1d76550 type is 9
1881: I0812 09:27:15.758236  8173 scope.cc:202] Create variable fetch
1881: I0812 09:27:15.758241  8173 interpreter_util.cc:1201] Create Variable fetch global, which pointer is 0x178e1f0 type is 10
1881: I0812 09:27:15.758351  8173 interpreter_util.cc:594] Static build: 0
1881: I0812 09:27:15.758358  8173 conditional_block_op_helper.cc:105] Found conditional_block op num: 0, conditional_block_grad op num: 0
1881: I0812 09:27:15.758361  8173 pylayer_op_helper.cc:103] Found pylayer op num: 0, pylayer_grad op num: 0
1881: I0812 09:27:15.758365  8173 while_op_helper.cc:154] Found while op num: 0, while grad op num: 0
1881: I0812 09:27:15.758513  8173 operator.cc:2295] op type:feed, expected_kernel_key:{data_type[float]; data_layout[Undefined(AnyLayout)]; place[Place(cpu)]; library_type[PLAIN]}
1881: I0812 09:27:15.758535  8173 interpreter_util.cc:844] feed : finally selected kernel_key: {data_type[float]; data_layout[Undefined(AnyLayout)]; place[Place(cpu)]; library_type[PLAIN]}
1881: I0812 09:27:15.758656  8173 operator.cc:2295] op type:feed, expected_kernel_key:{data_type[float]; data_layout[Undefined(AnyLayout)]; place[Place(cpu)]; library_type[PLAIN]}
1881: I0812 09:27:15.758666  8173 interpreter_util.cc:844] feed : finally selected kernel_key: {data_type[float]; data_layout[Undefined(AnyLayout)]; place[Place(cpu)]; library_type[PLAIN]}
1881: I0812 09:27:15.758721  8173 operator.cc:2295] op type:multiclass_nms3, expected_kernel_key:{data_type[float]; data_layout[Undefined(AnyLayout)]; place[Place(cpu)]; library_type[PLAIN]}
1881: I0812 09:27:15.758730  8173 interpreter_util.cc:844] multiclass_nms3 : finally selected kernel_key: {data_type[float]; data_layout[Undefined(AnyLayout)]; place[Place(cpu)]; library_type[PLAIN]}
1881: I0812 09:27:15.758749  8173 infershape_utils.cc:546] BuildInferMetaContext: op kernel signature - Kernel Signature - name: multiclass_nms3; inputs: BBoxes, Scores, RoisNum; attributes: score_threshold, nms_top_k, keep_top_k, nms_threshold, normalized, nms_eta, background_label; outputs: Out, Index, NmsRoisNum
1881: I0812 09:27:15.809648  8173 operator.cc:2295] op type:fetch_v2, expected_kernel_key:{data_type[float]; data_layout[Undefined(AnyLayout)]; place[Place(cpu)]; library_type[PLAIN]}
1881: I0812 09:27:15.809672  8173 interpreter_util.cc:844] fetch_v2 : finally selected kernel_key: {data_type[float]; data_layout[Undefined(AnyLayout)]; place[Place(cpu)]; library_type[PLAIN]}
1881: I0812 09:27:15.809705  8173 fetch_v2_op.cc:138] Fetch variable Out's 0 column.
1881: I0812 09:27:15.809758  8173 operator.cc:2295] op type:fetch_v2, expected_kernel_key:{data_type[int]; data_layout[Undefined(AnyLayout)]; place[Place(cpu)]; library_type[PLAIN]}
1881: I0812 09:27:15.809767  8173 interpreter_util.cc:844] fetch_v2 : finally selected kernel_key: {data_type[int]; data_layout[Undefined(AnyLayout)]; place[Place(cpu)]; library_type[PLAIN]}
1881: I0812 09:27:15.809784  8173 fetch_v2_op.cc:138] Fetch variable Index's 1 column.
1881: I0812 09:27:15.809813  8173 operator.cc:2295] op type:fetch_v2, expected_kernel_key:{data_type[int]; data_layout[Undefined(AnyLayout)]; place[Place(cpu)]; library_type[PLAIN]}
1881: I0812 09:27:15.809820  8173 interpreter_util.cc:844] fetch_v2 : finally selected kernel_key: {data_type[int]; data_layout[Undefined(AnyLayout)]; place[Place(cpu)]; library_type[PLAIN]}
1881: I0812 09:27:15.809832  8173 fetch_v2_op.cc:138] Fetch variable NmsRoisNum's 2 column.
1881: I0812 09:27:15.810158  8173 infershape_utils.cc:546] BuildInferMetaContext: op kernel signature - Kernel Signature - name: multiclass_nms3; inputs: BBoxes, Scores, RoisNum; attributes: score_threshold, nms_top_k, keep_top_k, nms_threshold, normalized, nms_eta, background_label; outputs: Out, Index, NmsRoisNum
1881: I0812 09:27:15.810391  8173 onednn_context.cc:104] Clearing DNNL cache.
1881: I0812 09:27:15.810401  8173 onednn_context.cc:122] Resetting Paddle data layout to NCHW.
1881: I0812 09:27:15.810535  8173 onednn_context.cc:104] Clearing DNNL cache.
1881: I0812 09:27:15.810540  8173 onednn_context.cc:122] Resetting Paddle data layout to NCHW.
1881: I0812 09:27:15.812647  8173 eager.cc:133] Tensor(generated_tensor_0) have not GradNode, add GradNodeAccumulation0x1951ac00 for it.
1881: I0812 09:27:15.812768  8173 eager.cc:133] Tensor(generated_tensor_1) have not GradNode, add GradNodeAccumulation0x194e9270 for it.
1881: I0812 09:27:15.814277  8173 eager.cc:133] Tensor(Out_out_0) have not GradNode, add GradNodeAccumulation0x19503ff0 for it.
1881: I0812 09:27:15.814358  8173 eager.cc:133] Tensor(Index_out_0) have not GradNode, add GradNodeAccumulation0x19559210 for it.
1881: I0812 09:27:15.814399  8173 eager.cc:133] Tensor(NmsRoisNum_out_0) have not GradNode, add GradNodeAccumulation0x1955aab0 for it.
1881: I0812 09:27:15.815444  8173 dygraph_functions.cc:53657] Running AD API: multiclass_nms3
1881: I0812 09:27:15.815519  8173 dygraph_functions.cc:53728] { Input: [ 
1881: ( bboxes , [[ Not specified tensor log level ]]),  
1881: ( scores , [[ Not specified tensor log level ]]),  
1881: ( rois_num , [{ UnDefinedTensor }]), ]} 
1881: I0812 09:27:15.890594  8173 eager.cc:133] Tensor(generated_tensor_0) have not GradNode, add GradNodeAccumulation0x1951ac00 for it.
1881: I0812 09:27:15.890726  8173 eager.cc:133] Tensor(generated_tensor_1) have not GradNode, add GradNodeAccumulation0x194e9270 for it.
1881: I0812 09:27:15.891273  8173 eager.cc:133] Tensor(Out_out_0) have not GradNode, add GradNodeAccumulation0x1955aab0 for it.
1881: I0812 09:27:15.891340  8173 eager.cc:133] Tensor(Index_out_0) have not GradNode, add GradNodeAccumulation0x19559210 for it.
1881: I0812 09:27:15.891382  8173 eager.cc:133] Tensor(NmsRoisNum_out_0) have not GradNode, add GradNodeAccumulation0x19503ff0 for it.
1881: I0812 09:27:16.168241  8173 op_desc.cc:1111] CompileTime infer shape on multiclass_nms3
1881: I0812 09:27:16.168283  8173 infershape_utils.cc:546] BuildInferMetaContext: op kernel signature - Kernel Signature - name: multiclass_nms3; inputs: BBoxes, Scores, RoisNum; attributes: score_threshold, nms_top_k, keep_top_k, nms_threshold, normalized, nms_eta, background_label; outputs: Out, Index, NmsRoisNum
1881: I0812 09:27:16.168385  8173 op_desc.cc:1111] CompileTime infer shape on multiclass_nms3
1881: I0812 09:27:16.168395  8173 infershape_utils.cc:546] BuildInferMetaContext: op kernel signature - Kernel Signature - name: multiclass_nms3; inputs: BBoxes, Scores, RoisNum; attributes: score_threshold, nms_top_k, keep_top_k, nms_threshold, normalized, nms_eta, background_label; outputs: Out, Index, NmsRoisNum
1881: I0812 09:27:16.171422  8173 op_desc.cc:1111] CompileTime infer shape on fetch_v2
1881: I0812 09:27:16.171990  8173 op_desc.cc:1111] CompileTime infer shape on fetch_v2
1881: I0812 09:27:16.172547  8173 op_desc.cc:1111] CompileTime infer shape on fetch_v2
1881: I0812 09:27:16.173161  8173 conditional_block_op_helper.cc:105] Found conditional_block op num: 0, conditional_block_grad op num: 0
1881: I0812 09:27:16.173177  8173 pylayer_op_helper.cc:103] Found pylayer op num: 0, pylayer_grad op num: 0
1881: I0812 09:27:16.173183  8173 while_op_helper.cc:154] Found while op num: 0, while grad op num: 0
1881: I0812 09:27:16.176360  8173 feed_fetch_method.cc:53] SetFeedVariable name=feed index=1
1881: I0812 09:27:16.176417  8173 feed_fetch_method.cc:53] SetFeedVariable name=feed index=0
1881: I0812 09:27:16.176451  8173 interpreter_util.cc:1169] Creating Variables
1881: I0812 09:27:16.176461  8173 scope.cc:202] Create variable BBoxes
1881: I0812 09:27:16.176469  8173 interpreter_util.cc:1206] Create Variable BBoxes locally, which pointer is 0x1acc1c40 type is 7
1881: I0812 09:27:16.176484  8173 scope.cc:202] Create variable Index
1881: I0812 09:27:16.176488  8173 interpreter_util.cc:1206] Create Variable Index locally, which pointer is 0x1acc1cd0 type is 7
1881: I0812 09:27:16.176492  8173 scope.cc:202] Create variable NmsRoisNum
1881: I0812 09:27:16.176496  8173 interpreter_util.cc:1206] Create Variable NmsRoisNum locally, which pointer is 0x1acc2620 type is 7
1881: I0812 09:27:16.176501  8173 scope.cc:202] Create variable Out
1881: I0812 09:27:16.176505  8173 interpreter_util.cc:1206] Create Variable Out locally, which pointer is 0x1acc2f30 type is 7
1881: I0812 09:27:16.176510  8173 scope.cc:202] Create variable Scores
1881: I0812 09:27:16.176514  8173 interpreter_util.cc:1206] Create Variable Scores locally, which pointer is 0x1abd1de0 type is 7
1881: I0812 09:27:16.176518  8173 interpreter_util.cc:1201] Create Variable feed global, which pointer is 0x1d76550 type is 9
1881: I0812 09:27:16.176523  8173 interpreter_util.cc:1201] Create Variable fetch global, which pointer is 0x178e1f0 type is 10
1881: I0812 09:27:16.176627  8173 interpreter_util.cc:594] Static build: 0
1881: I0812 09:27:16.176635  8173 conditional_block_op_helper.cc:105] Found conditional_block op num: 0, conditional_block_grad op num: 0
1881: I0812 09:27:16.176640  8173 pylayer_op_helper.cc:103] Found pylayer op num: 0, pylayer_grad op num: 0
1881: I0812 09:27:16.176645  8173 while_op_helper.cc:154] Found while op num: 0, while grad op num: 0
1881: I0812 09:27:16.176710  8173 operator.cc:2295] op type:feed, expected_kernel_key:{data_type[float]; data_layout[Undefined(AnyLayout)]; place[Place(cpu)]; library_type[PLAIN]}
1881: I0812 09:27:16.176728  8173 interpreter_util.cc:844] feed : finally selected kernel_key: {data_type[float]; data_layout[Undefined(AnyLayout)]; place[Place(cpu)]; library_type[PLAIN]}
1881: I0812 09:27:16.176796  8173 operator.cc:2295] op type:feed, expected_kernel_key:{data_type[float]; data_layout[Undefined(AnyLayout)]; place[Place(cpu)]; library_type[PLAIN]}
1881: I0812 09:27:16.176806  8173 interpreter_util.cc:844] feed : finally selected kernel_key: {data_type[float]; data_layout[Undefined(AnyLayout)]; place[Place(cpu)]; library_type[PLAIN]}
1881: I0812 09:27:16.176853  8173 operator.cc:2295] op type:multiclass_nms3, expected_kernel_key:{data_type[float]; data_layout[Undefined(AnyLayout)]; place[Place(cpu)]; library_type[PLAIN]}
1881: I0812 09:27:16.176863  8173 interpreter_util.cc:844] multiclass_nms3 : finally selected kernel_key: {data_type[float]; data_layout[Undefined(AnyLayout)]; place[Place(cpu)]; library_type[PLAIN]}
1881: I0812 09:27:16.176883  8173 infershape_utils.cc:546] BuildInferMetaContext: op kernel signature - Kernel Signature - name: multiclass_nms3; inputs: BBoxes, Scores, RoisNum; attributes: score_threshold, nms_top_k, keep_top_k, nms_threshold, normalized, nms_eta, background_label; outputs: Out, Index, NmsRoisNum
1881: I0812 09:27:16.177440  8173 operator.cc:2295] op type:fetch_v2, expected_kernel_key:{data_type[float]; data_layout[Undefined(AnyLayout)]; place[Place(cpu)]; library_type[PLAIN]}
1881: I0812 09:27:16.177455  8173 interpreter_util.cc:844] fetch_v2 : finally selected kernel_key: {data_type[float]; data_layout[Undefined(AnyLayout)]; place[Place(cpu)]; library_type[PLAIN]}
1881: I0812 09:27:16.177474  8173 fetch_v2_op.cc:138] Fetch variable Out's 0 column.
1881: I0812 09:27:16.177492  8173 tensor_util.cc:318] Skip copy the same data from Place(cpu) to Place(cpu)
1881: I0812 09:27:16.177515  8173 operator.cc:2295] op type:fetch_v2, expected_kernel_key:{data_type[int]; data_layout[Undefined(AnyLayout)]; place[Place(cpu)]; library_type[PLAIN]}
1881: I0812 09:27:16.177524  8173 interpreter_util.cc:844] fetch_v2 : finally selected kernel_key: {data_type[int]; data_layout[Undefined(AnyLayout)]; place[Place(cpu)]; library_type[PLAIN]}
1881: I0812 09:27:16.177539  8173 fetch_v2_op.cc:138] Fetch variable Index's 1 column.
1881: I0812 09:27:16.177551  8173 tensor_util.cc:318] Skip copy the same data from Place(cpu) to Place(cpu)
1881: I0812 09:27:16.177579  8173 operator.cc:2295] op type:fetch_v2, expected_kernel_key:{data_type[int]; data_layout[Undefined(AnyLayout)]; place[Place(cpu)]; library_type[PLAIN]}
1881: I0812 09:27:16.177588  8173 interpreter_util.cc:844] fetch_v2 : finally selected kernel_key: {data_type[int]; data_layout[Undefined(AnyLayout)]; place[Place(cpu)]; library_type[PLAIN]}
1881: I0812 09:27:16.177603  8173 fetch_v2_op.cc:138] Fetch variable NmsRoisNum's 2 column.
1881: I0812 09:27:16.177875  8173 infershape_utils.cc:546] BuildInferMetaContext: op kernel signature - Kernel Signature - name: multiclass_nms3; inputs: BBoxes, Scores, RoisNum; attributes: score_threshold, nms_top_k, keep_top_k, nms_threshold, normalized, nms_eta, background_label; outputs: Out, Index, NmsRoisNum
1881: I0812 09:27:16.178016  8173 onednn_context.cc:104] Clearing DNNL cache.
1881: I0812 09:27:16.178025  8173 onednn_context.cc:122] Resetting Paddle data layout to NCHW.
1881: I0812 09:27:16.178126  8173 onednn_context.cc:104] Clearing DNNL cache.
1881: I0812 09:27:16.178133  8173 onednn_context.cc:122] Resetting Paddle data layout to NCHW.
1881: I0812 09:27:16.179229  8173 eager.cc:133] Tensor(generated_tensor_0) have not GradNode, add GradNodeAccumulation0x19503ff0 for it.
1881: I0812 09:27:16.179409  8173 eager.cc:133] Tensor(generated_tensor_1) have not GradNode, add GradNodeAccumulation0x19559210 for it.
1881: I0812 09:27:16.179939  8173 eager.cc:133] Tensor(Out_out_0) have not GradNode, add GradNodeAccumulation0x1955aab0 for it.
1881: I0812 09:27:16.179996  8173 eager.cc:133] Tensor(Index_out_0) have not GradNode, add GradNodeAccumulation0x194e9270 for it.
1881: I0812 09:27:16.180030  8173 eager.cc:133] Tensor(NmsRoisNum_out_0) have not GradNode, add GradNodeAccumulation0x1951ac00 for it.
1881: I0812 09:27:16.180636  8173 dygraph_functions.cc:53657] Running AD API: multiclass_nms3
1881: I0812 09:27:16.180685  8173 dygraph_functions.cc:53728] { Input: [ 
1881: ( bboxes , [[ Not specified tensor log level ]]),  
1881: ( scores , [[ Not specified tensor log level ]]),  
1881: ( rois_num , [{ UnDefinedTensor }]), ]} 
1881: I0812 09:27:16.183156  8173 eager.cc:133] Tensor(generated_tensor_0) have not GradNode, add GradNodeAccumulation0x19503ff0 for it.
1881: I0812 09:27:16.183252  8173 eager.cc:133] Tensor(generated_tensor_1) have not GradNode, add GradNodeAccumulation0x19559210 for it.
1881: I0812 09:27:16.183712  8173 eager.cc:133] Tensor(Out_out_0) have not GradNode, add GradNodeAccumulation0x1951ac00 for it.
1881: I0812 09:27:16.183763  8173 eager.cc:133] Tensor(Index_out_0) have not GradNode, add GradNodeAccumulation0x194e9270 for it.
1881: I0812 09:27:16.183799  8173 eager.cc:133] Tensor(NmsRoisNum_out_0) have not GradNode, add GradNodeAccumulation0x1955aab0 for it.
1881: test_multiclass_nms_op failed
1881:  .EE
1881: ======================================================================
1881: ERROR: test_check_output (test_multiclass_nms_op.TestMulticlassNMS3Op)
1881: ----------------------------------------------------------------------
1881: Traceback (most recent call last):
1881:   File "/home/code/Paddle/build/test/legacy_test/test_multiclass_nms_op.py", line 460, in test_check_output
1881:     self.check_output_with_place(place, check_pir=True)
1881:   File "/home/code/Paddle/build/test/legacy_test/op_test.py", line 2777, in check_output_with_place
1881:     pir_checker.check()
1881:   File "/home/code/Paddle/build/test/legacy_test/op_test.py", line 2314, in check
1881:     self.calculate_output()
1881:   File "/home/code/Paddle/build/test/legacy_test/op_test.py", line 2498, in calculate_output
1881:     pir_outs = self.op_test._calc_pir_output(place)
1881:   File "/home/code/Paddle/build/test/legacy_test/op_test.py", line 1386, in _calc_pir_output
1881:     ret_tuple = self.python_api(*args)
1881:   File "/home/code/Paddle/build/test/legacy_test/test_multiclass_nms_op.py", line 75, in multiclass_nms3
1881:     helper.append_op(
1881:   File "/home/code/Paddle/build/python/paddle/base/layer_helper.py", line 56, in append_op
1881:     return self.main_program.current_block().append_op(*args, **kwargs)
1881:   File "/home/code/Paddle/build/python/paddle/base/framework.py", line 4665, in append_op
1881:     op = Operator(
1881:   File "/home/code/Paddle/build/python/paddle/base/framework.py", line 3289, in __init__
1881:     raise TypeError(
1881: TypeError: The type of '%BBoxes' in operator multiclass_nms3 should be one of [str, bytes, Variable]. but received : Value(define_op_name=pd_op.data, index=0, dtype=builtin.tensor<7x1200x4xf32>, stop_gradient=True)
1881: 
1881: ======================================================================
1881: ERROR: test_check_output (test_multiclass_nms_op.TestMulticlassNMS3OpNoOutput)
1881: ----------------------------------------------------------------------
1881: Traceback (most recent call last):
1881:   File "/home/code/Paddle/build/test/legacy_test/test_multiclass_nms_op.py", line 460, in test_check_output
1881:     self.check_output_with_place(place, check_pir=True)
1881:   File "/home/code/Paddle/build/test/legacy_test/op_test.py", line 2777, in check_output_with_place
1881:     pir_checker.check()
1881:   File "/home/code/Paddle/build/test/legacy_test/op_test.py", line 2314, in check
1881:     self.calculate_output()
1881:   File "/home/code/Paddle/build/test/legacy_test/op_test.py", line 2498, in calculate_output
1881:     pir_outs = self.op_test._calc_pir_output(place)
1881:   File "/home/code/Paddle/build/test/legacy_test/op_test.py", line 1386, in _calc_pir_output
1881:     ret_tuple = self.python_api(*args)
1881:   File "/home/code/Paddle/build/test/legacy_test/test_multiclass_nms_op.py", line 75, in multiclass_nms3
1881:     helper.append_op(
1881:   File "/home/code/Paddle/build/python/paddle/base/layer_helper.py", line 56, in append_op
1881:     return self.main_program.current_block().append_op(*args, **kwargs)
1881:   File "/home/code/Paddle/build/python/paddle/base/framework.py", line 4665, in append_op
1881:     op = Operator(
1881:   File "/home/code/Paddle/build/python/paddle/base/framework.py", line 3289, in __init__
1881:     raise TypeError(
1881: TypeError: The type of '%BBoxes' in operator multiclass_nms3 should be one of [str, bytes, Variable]. but received : Value(define_op_name=pd_op.data, index=0, dtype=builtin.tensor<7x1200x4xf32>, stop_gradient=True)
1881: 
1881: ----------------------------------------------------------------------
1881: Ran 3 tests in 3.318s
1881: 
1881: FAILED (errors=2)
1881: 
1881: I0812 09:27:16.230062  8173 mmap_allocator.cc:348] PID: 8173, MemoryMapFdSet: set size - 0
1881: I0812 09:27:16.243696  8173 mmap_allocator.cc:348] PID: 8173, MemoryMapFdSet: set size - 0
1881: I0812 09:27:16.430233  8173 onednn_context.cc:104] Clearing DNNL cache.
1881: I0812 09:27:16.430265  8173 onednn_context.cc:122] Resetting Paddle data layout to NCHW.
1881: I0812 09:27:16.430310  8173 mmap_allocator.cc:348] PID: 8173, MemoryMapFdSet: set size - 0
1/1 Test #1881: test_multiclass_nms_op ...........***Failed   11.53 sec

0% tests passed, 1 tests failed out of 1

Total Test time (real) =  11.71 sec

The following tests FAILED:
	1881 - test_multiclass_nms_op (Failed)
Errors while running CTest
